<?xml version="1.0" encoding="UTF-8"?>
<!-- Generated by org.testng.reporters.JUnitReportReporter -->
<testsuite hostname="DESKTOP-P46RTQG" failures="0" tests="3" name="CASE_STUDY.One_CS" time="23.060" errors="0" timestamp="30 Oct 2022 07:25:20 GMT">
  <testcase classname="CASE_STUDY.One_CS" name="mac" time="11.276"/>
  <testcase classname="CASE_STUDY.One_CS" name="mac1" time="1.514"/>
  <testcase classname="CASE_STUDY.One_CS" name="mac2" time="10.270"/>
</testsuite> <!-- CASE_STUDY.One_CS -->
